<?xml version="1.0" encoding="UTF-8"?>
<!-- Generated by org.testng.reporters.JUnitXMLReporter -->
<testsuite hostname="TW-1056" name="Surefire test" tests="19" failures="4" timestamp="25 Oct 2022 12:23:23 GMT" time="188.399" errors="0">
  <testcase name="runScenario" time="12.958" classname="org.example.testrunner.runners"/>
  <testcase name="runScenario" time="10.6" classname="org.example.testrunner.runners"/>
  <testcase name="runScenario" time="8.914" classname="org.example.testrunner.runners"/>
  <testcase name="runScenario" time="9.875" classname="org.example.testrunner.runners">
    <failure type="java.lang.AssertionError" message="expected [true] but found [false]">
      <![CDATA[java.lang.AssertionError: expected [true] but found [false]
	at org.example.pages.P03_homePage.validateEuroCurrency(P03_homePage.java:88)
	at org.example.stepDefs.D03_currenciesStepDef.validateEuroCurrency(D03_currenciesStepDef.java:57)
	at ✽.validate Euro currency(file:///C:/eclipse-workspace/MyProjects/eg_FWD_E-Commerce_Testing/src/main/resources/features/F03_currencies.feature:13)
... Removed 4 stack frames]]>
    </failure>
  </testcase> <!-- runScenario -->
  <testcase name="runScenario" time="8.449" classname="org.example.testrunner.runners"/>
  <testcase name="runScenario" time="8.917" classname="org.example.testrunner.runners"/>
  <testcase name="runScenario" time="8.41" classname="org.example.testrunner.runners"/>
  <testcase name="runScenario" time="12.272" classname="org.example.testrunner.runners"/>
  <testcase name="runScenario" time="11.125" classname="org.example.testrunner.runners"/>
  <testcase name="runScenario" time="9.704" classname="org.example.testrunner.runners"/>
  <testcase name="runScenario" time="8.443" classname="org.example.testrunner.runners"/>
  <testcase name="runScenario" time="8.87" classname="org.example.testrunner.runners">
    <failure type="java.lang.AssertionError" message="expected [https://demo.nopcommerce.com/nokia-lumia-1020] but found [https://demo.nopcommerce.com/]">
      <![CDATA[java.lang.AssertionError: expected [https://demo.nopcommerce.com/nokia-lumia-1020] but found [https://demo.nopcommerce.com/]
	at org.example.pages.P03_homePage.userRedirected(P03_homePage.java:133)
	at org.example.stepDefs.D06_homeSlidersStepDef.userRedirectedTo(D06_homeSlidersStepDef.java:19)
	at ✽.user redirected to "https://demo.nopcommerce.com/nokia-lumia-1020"(file:///C:/eclipse-workspace/MyProjects/eg_FWD_E-Commerce_Testing/src/main/resources/features/F06_homeSliders.feature:6)
... Removed 5 stack frames]]>
    </failure>
  </testcase> <!-- runScenario -->
  <testcase name="runScenario" time="11.764" classname="org.example.testrunner.runners">
    <failure type="org.openqa.selenium.ElementNotInteractableException" message="element not interactable
  (Session info: chrome=106.0.5249.119)
Build info: version: &amp;apos;4.4.0&amp;apos;, revision: &amp;apos;e5c75ed026a&amp;apos;
System info: host: &amp;apos;TW-1056&amp;apos;, ip: &amp;apos;192.168.1.8&amp;apos;, os.name: &amp;apos;Windows 10&amp;apos;, os.arch: &amp;apos;amd64&amp;apos;, os.version: &amp;apos;10.0&amp;apos;, java.version: &amp;apos;1.8.0_201&amp;apos;
Driver info: org.openqa.selenium.chrome.ChromeDriver
Command: [3f2a1c5873b0a3f6baea2b57fecea08e, clickElement {id=e43411b3-a6db-4269-b666-b966d17d2cee}]
Capabilities {acceptInsecureCerts: false, browserName: chrome, browserVersion: 106.0.5249.119, chrome: {chromedriverVersion: 105.0.5195.52 (412c95e51883..., userDataDir: C:\Users\HESHAM~1\AppData\L...}, goog:chromeOptions: {debuggerAddress: localhost:56267}, networkConnectionEnabled: false, pageLoadStrategy: normal, platformName: WINDOWS, proxy: Proxy(), se:cdp: ws://localhost:56267/devtoo..., se:cdpVersion: 106.0.5249.119, setWindowRect: true, strictFileInteractability: false, timeouts: {implicit: 0, pageLoad: 300000, script: 30000}, unhandledPromptBehavior: dismiss and notify, webauthn:extension:credBlob: true, webauthn:extension:largeBlob: true, webauthn:virtualAuthenticators: true}
Element: [[ChromeDriver: chrome on WINDOWS (3f2a1c5873b0a3f6baea2b57fecea08e)] -&amp;gt; css selector: #nivo-slider&amp;gt;a:nth-child(2)]
Session ID: 3f2a1c5873b0a3f6baea2b57fecea08e">
      <![CDATA[org.openqa.selenium.ElementNotInteractableException: element not interactable
  (Session info: chrome=106.0.5249.119)
Build info: version: '4.4.0', revision: 'e5c75ed026a'
System info: host: 'TW-1056', ip: '192.168.1.8', os.name: 'Windows 10', os.arch: 'amd64', os.version: '10.0', java.version: '1.8.0_201'
Driver info: org.openqa.selenium.chrome.ChromeDriver
Command: [3f2a1c5873b0a3f6baea2b57fecea08e, clickElement {id=e43411b3-a6db-4269-b666-b966d17d2cee}]
Capabilities {acceptInsecureCerts: false, browserName: chrome, browserVersion: 106.0.5249.119, chrome: {chromedriverVersion: 105.0.5195.52 (412c95e51883..., userDataDir: C:\Users\HESHAM~1\AppData\L...}, goog:chromeOptions: {debuggerAddress: localhost:56267}, networkConnectionEnabled: false, pageLoadStrategy: normal, platformName: WINDOWS, proxy: Proxy(), se:cdp: ws://localhost:56267/devtoo..., se:cdpVersion: 106.0.5249.119, setWindowRect: true, strictFileInteractability: false, timeouts: {implicit: 0, pageLoad: 300000, script: 30000}, unhandledPromptBehavior: dismiss and notify, webauthn:extension:credBlob: true, webauthn:extension:largeBlob: true, webauthn:virtualAuthenticators: true}
Element: [[ChromeDriver: chrome on WINDOWS (3f2a1c5873b0a3f6baea2b57fecea08e)] -> css selector: #nivo-slider>a:nth-child(2)]
Session ID: 3f2a1c5873b0a3f6baea2b57fecea08e
	at org.openqa.selenium.remote.codec.w3c.W3CHttpResponseCodec.createException(W3CHttpResponseCodec.java:200)
	at org.openqa.selenium.remote.codec.w3c.W3CHttpResponseCodec.decode(W3CHttpResponseCodec.java:133)
	at org.openqa.selenium.remote.codec.w3c.W3CHttpResponseCodec.decode(W3CHttpResponseCodec.java:53)
	at org.openqa.selenium.remote.HttpCommandExecutor.execute(HttpCommandExecutor.java:184)
	at org.openqa.selenium.remote.service.DriverCommandExecutor.invokeExecute(DriverCommandExecutor.java:167)
	at org.openqa.selenium.remote.service.DriverCommandExecutor.execute(DriverCommandExecutor.java:142)
	at org.openqa.selenium.remote.RemoteWebDriver.execute(RemoteWebDriver.java:547)
	at org.openqa.selenium.remote.RemoteWebElement.execute(RemoteWebElement.java:257)
	at org.openqa.selenium.remote.RemoteWebElement.click(RemoteWebElement.java:78)
	at org.example.stepDefs.D06_homeSlidersStepDef.userClickOnSecondSlider(D06_homeSlidersStepDef.java:24)
	at ✽.user click on second slider(file:///C:/eclipse-workspace/MyProjects/eg_FWD_E-Commerce_Testing/src/main/resources/features/F06_homeSliders.feature:10)
... Removed 4 stack frames]]>
    </failure>
  </testcase> <!-- runScenario -->
  <testcase name="runScenario" time="9.787" classname="org.example.testrunner.runners"/>
  <testcase name="runScenario" time="9.918" classname="org.example.testrunner.runners"/>
  <testcase name="runScenario" time="9.954" classname="org.example.testrunner.runners">
    <failure type="java.lang.IndexOutOfBoundsException" message="Index: 1, Size: 1">
      <![CDATA[java.lang.IndexOutOfBoundsException: Index: 1, Size: 1
	at java.util.ArrayList.rangeCheck(ArrayList.java:657)
	at java.util.ArrayList.get(ArrayList.java:433)
	at org.example.pages.P03_homePage.validatedUrl(P03_homePage.java:143)
	at org.example.stepDefs.D07_followUsStepDef.is_opened_in_new_tab(D07_followUsStepDef.java:25)
	at ✽.validate "https://demo.nopcommerce.com/new-online-store-is-open" is opened in new tab(file:///C:/eclipse-workspace/MyProjects/eg_FWD_E-Commerce_Testing/src/main/resources/features/F07_followUs.feature:19)
]]>
    </failure>
  </testcase> <!-- runScenario -->
  <testcase name="runScenario" time="11.368" classname="org.example.testrunner.runners"/>
  <testcase name="runScenario" time="8.037" classname="org.example.testrunner.runners"/>
  <testcase name="runScenario" time="8.42" classname="org.example.testrunner.runners"/>
</testsuite> <!-- Surefire test -->
