<?xml version="1.0" encoding="UTF-8" standalone="no"?>
<testsuite errors="0" failures="4" name="io.cucumber.core.plugin.JUnitFormatter" skipped="0" tests="19" time="187.869">
<testcase classname="F01_Register | users could register with new accounts" name="guest user could register with valid data successfully" time="12.897">
<system-out><![CDATA[Given user go to register page..............................................passed
When user select gender type................................................passed
And user enter first name 'ahmed' and last name 'hussein'...................passed
And user enter date of birth................................................passed
And user enter email 'test@example.com' field...............................passed
And user enter password and confirmation password...........................passed
And user clicks on register button..........................................passed
Then success message is displayed with green background.....................passed
]]></system-out>
</testcase>
<testcase classname="F02_Login | users could use login functionality to use their accounts" name="user could login with valid email and password" time="10.574">
<system-out><![CDATA[Given user go to login page.................................................passed
When user login with "ahmedmohamed660000@gmail.com" and "123456"............passed
And user press on login button..............................................passed
Then user login to the system successfully..................................passed
]]></system-out>
</testcase>
<testcase classname="F02_Login | users could use login functionality to use their accounts" name="user could login with invalid email and password" time="8.894">
<system-out><![CDATA[Given user go to login page.................................................passed
When user login with "wrong@example.com" and "P@ssw0rd".....................passed
And user press on login button..............................................passed
Then user could not login to the system.....................................passed
]]></system-out>
</testcase>
<testcase classname="loggedUser could change currency from dropdown" name="logged user could switch between currencies from us -&gt; Euro" time="9.859">
<failure message="expected [true] but found [false]" type="java.lang.AssertionError"><![CDATA[When user select us currency from dropdown list.............................passed
Then validate US Currency...................................................passed
When user select Euro currency from dropdown list...........................passed
Then validate Euro currency.................................................failed

StackTrace:
java.lang.AssertionError: expected [true] but found [false]
	at org.testng.Assert.fail(Assert.java:94)
	at org.testng.Assert.failNotEquals(Assert.java:494)
	at org.testng.Assert.assertTrue(Assert.java:42)
	at org.testng.Assert.assertTrue(Assert.java:52)
	at org.example.pages.P03_homePage.validateEuroCurrency(P03_homePage.java:88)
	at org.example.stepDefs.D03_currenciesStepDef.validateEuroCurrency(D03_currenciesStepDef.java:57)
	at ✽.validate Euro currency(file:///C:/eclipse-workspace/MyProjects/eg_FWD_E-Commerce_Testing/src/main/resources/features/F03_currencies.feature:13)
]]></failure>
</testcase>
<testcase classname="user could search with product name and sku." name="user could search using product name" time="8.424">
<system-out><![CDATA[When user clicks on search field............................................passed
And user search with "book".................................................passed
Then count the size of result...............................................passed
And The url contains "url"..................................................passed
And search result contains "book"...........................................passed
]]></system-out>
</testcase>
<testcase classname="user could search with product name and sku." name="user could search using product name 2" time="8.909">
<system-out><![CDATA[When user clicks on search field............................................passed
And user search with "laptop"...............................................passed
Then count the size of result...............................................passed
And The url contains "url"..................................................passed
And search result contains "laptop".........................................passed
]]></system-out>
</testcase>
<testcase classname="user could search with product name and sku." name="user could search using product name 3" time="8.401">
<system-out><![CDATA[When user clicks on search field............................................passed
And user search with "nike".................................................passed
Then count the size of result...............................................passed
And The url contains "url"..................................................passed
And search result contains "nike"...........................................passed
]]></system-out>
</testcase>
<testcase classname="user could search with product name and sku." name="user could search for product using sku" time="12.264">
<system-out><![CDATA[When user clicks on search field............................................passed
And user search with "SCI_FAITH"............................................passed
And user clicks on result...................................................passed
Then user could find "SCI_FAITH" inside product detail page.................passed
]]></system-out>
</testcase>
<testcase classname="user could search with product name and sku." name="user could search for product using sku 2" time="11.11">
<system-out><![CDATA[When user clicks on search field............................................passed
And user search with "APPLE_CAM"............................................passed
And user clicks on result...................................................passed
Then user could find "APPLE_CAM" inside product detail page.................passed
]]></system-out>
</testcase>
<testcase classname="user could search with product name and sku." name="user could search for product using sku 3" time="9.692">
<system-out><![CDATA[When user clicks on search field............................................passed
And user search with "SF_PRO_11"............................................passed
And user clicks on result...................................................passed
Then user could find "SF_PRO_11" inside product detail page.................passed
]]></system-out>
</testcase>
<testcase classname="user could hover on Categories and select any sub Category" name="user hover on one of the first 3 main category and select random sub category" time="8.43">
<system-out><![CDATA[When user hover on the random main category that contains sub category......passed
And select one of it's own subCategory and click on it......................passed
Then the pageTitle should be equal to name of Selected subCategory..........passed
]]></system-out>
</testcase>
<testcase classname="The two sliders are clickable" name="first slider is clickable on home page" time="8.859">
<failure message="expected [https://demo.nopcommerce.com/nokia-lumia-1020] but found [https://demo.nopcommerce.com/]" type="java.lang.AssertionError"><![CDATA[When user click on first slider.............................................passed
Then user redirected to "https://demo.nopcommerce.com/nokia-lumia-1020".....failed

StackTrace:
java.lang.AssertionError: expected [https://demo.nopcommerce.com/nokia-lumia-1020] but found [https://demo.nopcommerce.com/]
	at org.testng.Assert.fail(Assert.java:94)
	at org.testng.Assert.failNotEquals(Assert.java:494)
	at org.testng.Assert.assertEquals(Assert.java:123)
	at org.testng.Assert.assertEquals(Assert.java:176)
	at org.testng.Assert.assertEquals(Assert.java:186)
	at org.example.pages.P03_homePage.userRedirected(P03_homePage.java:133)
	at org.example.stepDefs.D06_homeSlidersStepDef.userRedirectedTo(D06_homeSlidersStepDef.java:19)
	at ✽.user redirected to "https://demo.nopcommerce.com/nokia-lumia-1020"(file:///C:/eclipse-workspace/MyProjects/eg_FWD_E-Commerce_Testing/src/main/resources/features/F06_homeSliders.feature:6)
]]></failure>
</testcase>
<testcase classname="The two sliders are clickable" name="Second slider is clickable on home page" time="11.759">
<failure message="element not interactable&#10;  (Session info: chrome=106.0.5249.119)&#10;Build info: version: '4.4.0', revision: 'e5c75ed026a'&#10;System info: host: 'TW-1056', ip: '192.168.1.8', os.name: 'Windows 10', os.arch: 'amd64', os.version: '10.0', java.version: '1.8.0_201'&#10;Driver info: org.openqa.selenium.chrome.ChromeDriver&#10;Command: [3f2a1c5873b0a3f6baea2b57fecea08e, clickElement {id=e43411b3-a6db-4269-b666-b966d17d2cee}]&#10;Capabilities {acceptInsecureCerts: false, browserName: chrome, browserVersion: 106.0.5249.119, chrome: {chromedriverVersion: 105.0.5195.52 (412c95e51883..., userDataDir: C:\Users\HESHAM~1\AppData\L...}, goog:chromeOptions: {debuggerAddress: localhost:56267}, networkConnectionEnabled: false, pageLoadStrategy: normal, platformName: WINDOWS, proxy: Proxy(), se:cdp: ws://localhost:56267/devtoo..., se:cdpVersion: 106.0.5249.119, setWindowRect: true, strictFileInteractability: false, timeouts: {implicit: 0, pageLoad: 300000, script: 30000}, unhandledPromptBehavior: dismiss and notify, webauthn:extension:credBlob: true, webauthn:extension:largeBlob: true, webauthn:virtualAuthenticators: true}&#10;Element: [[ChromeDriver: chrome on WINDOWS (3f2a1c5873b0a3f6baea2b57fecea08e)] -&gt; css selector: #nivo-slider&gt;a:nth-child(2)]&#10;Session ID: 3f2a1c5873b0a3f6baea2b57fecea08e" type="org.openqa.selenium.ElementNotInteractableException"><![CDATA[When user click on second slider............................................failed
Then user redirected to "https://demo.nopcommerce.com/iphone-6".............skipped

StackTrace:
org.openqa.selenium.ElementNotInteractableException: element not interactable
  (Session info: chrome=106.0.5249.119)
Build info: version: '4.4.0', revision: 'e5c75ed026a'
System info: host: 'TW-1056', ip: '192.168.1.8', os.name: 'Windows 10', os.arch: 'amd64', os.version: '10.0', java.version: '1.8.0_201'
Driver info: org.openqa.selenium.chrome.ChromeDriver
Command: [3f2a1c5873b0a3f6baea2b57fecea08e, clickElement {id=e43411b3-a6db-4269-b666-b966d17d2cee}]
Capabilities {acceptInsecureCerts: false, browserName: chrome, browserVersion: 106.0.5249.119, chrome: {chromedriverVersion: 105.0.5195.52 (412c95e51883..., userDataDir: C:\Users\HESHAM~1\AppData\L...}, goog:chromeOptions: {debuggerAddress: localhost:56267}, networkConnectionEnabled: false, pageLoadStrategy: normal, platformName: WINDOWS, proxy: Proxy(), se:cdp: ws://localhost:56267/devtoo..., se:cdpVersion: 106.0.5249.119, setWindowRect: true, strictFileInteractability: false, timeouts: {implicit: 0, pageLoad: 300000, script: 30000}, unhandledPromptBehavior: dismiss and notify, webauthn:extension:credBlob: true, webauthn:extension:largeBlob: true, webauthn:virtualAuthenticators: true}
Element: [[ChromeDriver: chrome on WINDOWS (3f2a1c5873b0a3f6baea2b57fecea08e)] -> css selector: #nivo-slider>a:nth-child(2)]
Session ID: 3f2a1c5873b0a3f6baea2b57fecea08e
	at sun.reflect.NativeConstructorAccessorImpl.newInstance0(Native Method)
	at sun.reflect.NativeConstructorAccessorImpl.newInstance(NativeConstructorAccessorImpl.java:62)
	at sun.reflect.DelegatingConstructorAccessorImpl.newInstance(DelegatingConstructorAccessorImpl.java:45)
	at java.lang.reflect.Constructor.newInstance(Constructor.java:423)
	at org.openqa.selenium.remote.codec.w3c.W3CHttpResponseCodec.createException(W3CHttpResponseCodec.java:200)
	at org.openqa.selenium.remote.codec.w3c.W3CHttpResponseCodec.decode(W3CHttpResponseCodec.java:133)
	at org.openqa.selenium.remote.codec.w3c.W3CHttpResponseCodec.decode(W3CHttpResponseCodec.java:53)
	at org.openqa.selenium.remote.HttpCommandExecutor.execute(HttpCommandExecutor.java:184)
	at org.openqa.selenium.remote.service.DriverCommandExecutor.invokeExecute(DriverCommandExecutor.java:167)
	at org.openqa.selenium.remote.service.DriverCommandExecutor.execute(DriverCommandExecutor.java:142)
	at org.openqa.selenium.remote.RemoteWebDriver.execute(RemoteWebDriver.java:547)
	at org.openqa.selenium.remote.RemoteWebElement.execute(RemoteWebElement.java:257)
	at org.openqa.selenium.remote.RemoteWebElement.click(RemoteWebElement.java:78)
	at org.example.stepDefs.D06_homeSlidersStepDef.userClickOnSecondSlider(D06_homeSlidersStepDef.java:24)
	at ✽.user click on second slider(file:///C:/eclipse-workspace/MyProjects/eg_FWD_E-Commerce_Testing/src/main/resources/features/F06_homeSliders.feature:10)
]]></failure>
</testcase>
<testcase classname="F07_followUs | users could open followUs link" name="user opens facebook link" time="9.776">
<system-out><![CDATA[When user opens facebook link...............................................passed
And Browser wait for two seconds............................................passed
Then validate "https://www.facebook.com/nopCommerce" is opened in new tab...passed
]]></system-out>
</testcase>
<testcase classname="F07_followUs | users could open followUs link" name="user opens twitter link" time="9.905">
<system-out><![CDATA[When user opens twitter link................................................passed
And Browser wait for two seconds............................................passed
Then validate "https://twitter.com/nopCommerce" is opened in new tab........passed
]]></system-out>
</testcase>
<testcase classname="F07_followUs | users could open followUs link" name="user opens rss link" time="9.948">
<failure message="Index: 1, Size: 1" type="java.lang.IndexOutOfBoundsException"><![CDATA[And Browser wait for two seconds............................................passed
When user opens rss link....................................................passed
Then validate "https://demo.nopcommerce.com/new-online-store-is-open" is opened in new tab.failed

StackTrace:
java.lang.IndexOutOfBoundsException: Index: 1, Size: 1
	at java.util.ArrayList.rangeCheck(ArrayList.java:657)
	at java.util.ArrayList.get(ArrayList.java:433)
	at org.example.pages.P03_homePage.validatedUrl(P03_homePage.java:143)
	at org.example.stepDefs.D07_followUsStepDef.is_opened_in_new_tab(D07_followUsStepDef.java:25)
	at ✽.validate "https://demo.nopcommerce.com/new-online-store-is-open" is opened in new tab(file:///C:/eclipse-workspace/MyProjects/eg_FWD_E-Commerce_Testing/src/main/resources/features/F07_followUs.feature:19)
]]></failure>
</testcase>
<testcase classname="F07_followUs | users could open followUs link" name="user opens youtube link" time="11.363">
<system-out><![CDATA[When user opens youtube link................................................passed
And Browser wait for two seconds............................................passed
Then validate "https://www.youtube.com/user/nopCommerce" is opened in new tab.passed
]]></system-out>
</testcase>
<testcase classname="Check if user can add products in wishlist" name="click on wishlist button on product HTC One M8 Android L 5.0 Lollipop" time="8.03">
<system-out><![CDATA[When user click on wishlist button..........................................passed
Then success message is displayed...........................................passed
And verify background color.................................................passed
]]></system-out>
</testcase>
<testcase classname="Check if user can add products in wishlist" name="check the Qty value for wishlist" time="8.406">
<system-out><![CDATA[When user click on wishlist button..........................................passed
And Press on wishlist icon..................................................passed
Then check the Qty bigger than zero.........................................passed
]]></system-out>
</testcase>
</testsuite>
